2025-05-24 08:31:45,544 - INFO - Training with parameters:
2025-05-24 08:31:45,545 - INFO - temperature: 0.1
 Learning Rate: 5e-05
 Criterion: NTXentLoss
 Max Epochs: 100
 Early Stop Patience: 25
 Pos Threshold: 90
 Neg Threshold: 80
 Device: cuda
2025-05-24 08:34:20,446 - INFO - Training with parameters:
2025-05-24 08:34:20,447 - INFO - temperature: 0.1
 Learning Rate: 5e-05
 Criterion: NTXentLoss
 Max Epochs: 100
 Early Stop Patience: 25
 Pos Threshold: 90
 Neg Threshold: 80
 Device: cuda
2025-05-24 08:35:07,663 - INFO - Training with parameters:
2025-05-24 08:35:07,663 - INFO - temperature: 0.1
 Learning Rate: 5e-05
 Criterion: NTXentLoss
 Max Epochs: 100
 Early Stop Patience: 25
 Pos Threshold: 90
 Neg Threshold: 80
 Device: cuda
2025-05-24 08:35:51,755 - INFO - Training with parameters:
2025-05-24 08:35:51,756 - INFO - temperature: 0.1
 Learning Rate: 5e-05
 Criterion: NTXentLoss
 Max Epochs: 100
 Early Stop Patience: 25
 Pos Threshold: 90
 Neg Threshold: 80
 Device: cuda
2025-05-24 08:36:01,381 - INFO - Model Loaded: ModernBERT-base
2025-05-24 08:36:19,003 - INFO - Dataset Loaded
2025-05-24 08:36:19,004 - INFO - Before Training

2025-05-24 08:36:44,280 - INFO - Caste :
2025-05-24 08:36:45,466 - INFO - Val Pos Sim: 0.993
2025-05-24 08:36:45,466 - INFO - Val Neg Sim: 0.9892
2025-05-24 08:36:45,467 - INFO - Religion :
2025-05-24 08:36:45,467 - INFO - Val Pos Sim: 0.9648
2025-05-24 08:36:45,467 - INFO - Val Neg Sim: 0.9647
2025-05-24 08:36:45,467 - INFO - Disability :
2025-05-24 08:36:45,467 - INFO - Val Pos Sim: 0.9422
2025-05-24 08:36:45,467 - INFO - Val Neg Sim: 0.9413
2025-05-24 08:36:45,467 - INFO - Gender :
2025-05-24 08:36:45,467 - INFO - Val Pos Sim: 0.9719
2025-05-24 08:36:45,467 - INFO - Val Neg Sim: 0.9671
2025-05-24 08:36:45,467 - INFO - Socioeconomic :
2025-05-24 08:36:45,467 - INFO - Val Pos Sim: 0.9614
2025-05-24 08:36:45,467 - INFO - Val Neg Sim: 0.9600
2025-05-24 08:36:45,467 - INFO - Combined :
2025-05-24 08:36:45,467 - INFO - Val Pos Sim: 0.9696
2025-05-24 08:36:45,467 - INFO - Val Neg Sim: 0.9665
2025-05-24 08:36:45,467 - INFO - 

2025-05-24 08:36:45,467 - INFO - Training Started
2025-05-24 08:51:00,666 - INFO - Training with parameters:
2025-05-24 08:51:00,666 - INFO - temperature: 0.1
 Learning Rate: 5e-05
 Criterion: NTXentLoss
 Max Epochs: 100
 Early Stop Patience: 25
 Pos Threshold: 90
 Neg Threshold: 80
 Device: cuda
2025-05-24 08:51:02,922 - INFO - Model Loaded: ModernBERT-base
2025-05-24 08:51:18,437 - INFO - Dataset Loaded
2025-05-24 08:51:18,438 - INFO - Before Training

2025-05-24 08:51:34,287 - INFO - Caste :
2025-05-24 08:51:35,477 - INFO - Val Pos Sim: 0.993
2025-05-24 08:51:35,478 - INFO - Val Neg Sim: 0.9892
2025-05-24 08:51:35,478 - INFO - Religion :
2025-05-24 08:51:35,478 - INFO - Val Pos Sim: 0.9648
2025-05-24 08:51:35,478 - INFO - Val Neg Sim: 0.9647
2025-05-24 08:51:35,478 - INFO - Disability :
2025-05-24 08:51:35,478 - INFO - Val Pos Sim: 0.9422
2025-05-24 08:51:35,478 - INFO - Val Neg Sim: 0.9413
2025-05-24 08:51:35,478 - INFO - Gender :
2025-05-24 08:51:35,478 - INFO - Val Pos Sim: 0.9719
2025-05-24 08:51:35,478 - INFO - Val Neg Sim: 0.9671
2025-05-24 08:51:35,478 - INFO - Socioeconomic :
2025-05-24 08:51:35,478 - INFO - Val Pos Sim: 0.9614
2025-05-24 08:51:35,478 - INFO - Val Neg Sim: 0.9600
2025-05-24 08:51:35,478 - INFO - Combined :
2025-05-24 08:51:35,482 - INFO - Val Pos Sim: 0.9696
2025-05-24 08:51:35,482 - INFO - Val Neg Sim: 0.9665
2025-05-24 08:51:35,482 - INFO - 

2025-05-24 08:51:35,482 - INFO - Training Started
2025-05-24 08:55:47,876 - INFO - Training with parameters:
2025-05-24 08:55:47,876 - INFO - temperature: 0.1
 Learning Rate: 5e-05
 Criterion: NTXentLoss
 Max Epochs: 100
 Early Stop Patience: 25
 Pos Threshold: 90
 Neg Threshold: 80
 Device: cuda
2025-05-24 08:55:49,578 - INFO - Model Loaded: ModernBERT-base
2025-05-24 08:56:17,600 - INFO - Dataset Loaded
2025-05-24 08:56:17,601 - INFO - Before Training

2025-05-24 08:56:33,915 - INFO - Caste :
2025-05-24 08:56:35,077 - INFO - Val Pos Sim: 0.993
2025-05-24 08:56:35,077 - INFO - Val Neg Sim: 0.9892
2025-05-24 08:56:35,077 - INFO - Religion :
2025-05-24 08:56:35,077 - INFO - Val Pos Sim: 0.9648
2025-05-24 08:56:35,077 - INFO - Val Neg Sim: 0.9647
2025-05-24 08:56:35,077 - INFO - Disability :
2025-05-24 08:56:35,078 - INFO - Val Pos Sim: 0.9422
2025-05-24 08:56:35,078 - INFO - Val Neg Sim: 0.9413
2025-05-24 08:56:35,078 - INFO - Gender :
2025-05-24 08:56:35,078 - INFO - Val Pos Sim: 0.9719
2025-05-24 08:56:35,078 - INFO - Val Neg Sim: 0.9671
2025-05-24 08:56:35,078 - INFO - Socioeconomic :
2025-05-24 08:56:35,078 - INFO - Val Pos Sim: 0.9614
2025-05-24 08:56:35,078 - INFO - Val Neg Sim: 0.9600
2025-05-24 08:56:35,078 - INFO - Combined :
2025-05-24 08:56:35,078 - INFO - Val Pos Sim: 0.9696
2025-05-24 08:56:35,078 - INFO - Val Neg Sim: 0.9665
2025-05-24 08:56:35,078 - INFO - 

2025-05-24 08:56:35,078 - INFO - Training Started
2025-05-24 08:57:20,171 - INFO - New best model saved with difference in positive and negative cosine similarities: 0.0031
2025-05-24 08:57:20,171 - INFO - Loss Function : NTXentLoss()
Learning Rate : 5e-05
Temperature/Threshold : 0.1
Epoch : 1
Difference in Positive & Negative Cosine Similarities : 0.0031185150146484375
2025-05-24 08:57:20,171 - INFO - 
Epoch 1 Summary:
2025-05-24 08:57:20,171 - INFO - Train Loss: 0.0988
2025-05-24 08:57:20,171 - INFO - Combined Val Loss: 0.3513

2025-05-24 08:57:20,171 - INFO - Caste Val Loss: 1.9762
2025-05-24 08:57:20,171 - INFO - Religion Val Loss: 3.0123
2025-05-24 08:57:20,171 - INFO - Disability Val Loss: 2.3804
2025-05-24 08:57:20,171 - INFO - Gender Val Loss: 1.1989
2025-05-24 08:57:20,171 - INFO - Socioeconomic Val Loss: 3.2817

2025-05-24 08:57:20,172 - INFO - Caste Val Pos Sim: 1.00
2025-05-24 08:57:20,172 - INFO - Caste Val Neg Sim: 0.99

2025-05-24 08:57:20,172 - INFO - Religion Val Pos Sim: 0.97
2025-05-24 08:57:20,172 - INFO - Religion Val Neg Sim: 0.97

2025-05-24 08:57:20,172 - INFO - Disability Val Pos Sim: 0.98
2025-05-24 08:57:20,172 - INFO - Disability Val Neg Sim: 0.98

2025-05-24 08:57:20,172 - INFO - Gender Val Pos Sim: 0.98
2025-05-24 08:57:20,172 - INFO - Gender Val Neg Sim: 0.98

2025-05-24 08:57:20,172 - INFO - Socioeconomic Val Pos Sim: 0.98
2025-05-24 08:57:20,172 - INFO - Socioeconomic Val Neg Sim: 0.98

2025-05-24 08:57:20,172 - INFO - Combined Val Pos Sim: 0.98
2025-05-24 08:57:20,172 - INFO - Combined Val Neg Sim: 0.98

2025-05-24 08:58:02,681 - INFO - New best model saved with difference in positive and negative cosine similarities: 0.0205
2025-05-24 08:58:02,682 - INFO - Loss Function : NTXentLoss()
Learning Rate : 5e-05
Temperature/Threshold : 0.1
Epoch : 2
Difference in Positive & Negative Cosine Similarities : 0.020451724529266357
2025-05-24 08:58:02,682 - INFO - 
Epoch 2 Summary:
2025-05-24 08:58:02,682 - INFO - Train Loss: 0.0972
2025-05-24 08:58:02,682 - INFO - Combined Val Loss: 0.3325

2025-05-24 08:58:02,682 - INFO - Caste Val Loss: 1.4014
2025-05-24 08:58:02,682 - INFO - Religion Val Loss: 3.0763
2025-05-24 08:58:02,682 - INFO - Disability Val Loss: 2.3965
2025-05-24 08:58:02,682 - INFO - Gender Val Loss: 1.1936
2025-05-24 08:58:02,682 - INFO - Socioeconomic Val Loss: 3.2473

2025-05-24 08:58:02,682 - INFO - Caste Val Pos Sim: 0.96
2025-05-24 08:58:02,682 - INFO - Caste Val Neg Sim: 0.86

2025-05-24 08:58:02,682 - INFO - Religion Val Pos Sim: 0.90
2025-05-24 08:58:02,682 - INFO - Religion Val Neg Sim: 0.90

2025-05-24 08:58:02,682 - INFO - Disability Val Pos Sim: 0.95
2025-05-24 08:58:02,687 - INFO - Disability Val Neg Sim: 0.95

2025-05-24 08:58:02,687 - INFO - Gender Val Pos Sim: 0.95
2025-05-24 08:58:02,687 - INFO - Gender Val Neg Sim: 0.95

2025-05-24 08:58:02,687 - INFO - Socioeconomic Val Pos Sim: 0.93
2025-05-24 08:58:02,687 - INFO - Socioeconomic Val Neg Sim: 0.92

2025-05-24 08:58:02,687 - INFO - Combined Val Pos Sim: 0.94
2025-05-24 08:58:02,687 - INFO - Combined Val Neg Sim: 0.92

2025-05-24 08:58:37,375 - INFO - New best model saved with difference in positive and negative cosine similarities: 0.0314
2025-05-24 08:58:37,375 - INFO - Loss Function : NTXentLoss()
Learning Rate : 5e-05
Temperature/Threshold : 0.1
Epoch : 3
Difference in Positive & Negative Cosine Similarities : 0.03142881393432617
2025-05-24 08:58:37,375 - INFO - 
Epoch 3 Summary:
2025-05-24 08:58:37,375 - INFO - Train Loss: 0.0926
2025-05-24 08:58:37,375 - INFO - Combined Val Loss: 0.3230

2025-05-24 08:58:37,375 - INFO - Caste Val Loss: 1.1483
2025-05-24 08:58:37,375 - INFO - Religion Val Loss: 3.0419
2025-05-24 08:58:37,375 - INFO - Disability Val Loss: 2.3917
2025-05-24 08:58:37,375 - INFO - Gender Val Loss: 1.1902
2025-05-24 08:58:37,375 - INFO - Socioeconomic Val Loss: 3.2461

2025-05-24 08:58:37,375 - INFO - Caste Val Pos Sim: 0.94
2025-05-24 08:58:37,375 - INFO - Caste Val Neg Sim: 0.79

2025-05-24 08:58:37,375 - INFO - Religion Val Pos Sim: 0.88
2025-05-24 08:58:37,375 - INFO - Religion Val Neg Sim: 0.88

2025-05-24 08:58:37,375 - INFO - Disability Val Pos Sim: 0.91
2025-05-24 08:58:37,375 - INFO - Disability Val Neg Sim: 0.90

2025-05-24 08:58:37,376 - INFO - Gender Val Pos Sim: 0.91
2025-05-24 08:58:37,376 - INFO - Gender Val Neg Sim: 0.90

2025-05-24 08:58:37,376 - INFO - Socioeconomic Val Pos Sim: 0.92
2025-05-24 08:58:37,376 - INFO - Socioeconomic Val Neg Sim: 0.90

2025-05-24 08:58:37,376 - INFO - Combined Val Pos Sim: 0.91
2025-05-24 08:58:37,376 - INFO - Combined Val Neg Sim: 0.88

2025-05-24 08:59:11,014 - INFO - 
Epoch 4 Summary:
2025-05-24 08:59:11,015 - INFO - Train Loss: 0.0923
2025-05-24 08:59:11,015 - INFO - Combined Val Loss: 0.3320

2025-05-24 08:59:11,015 - INFO - Caste Val Loss: 1.3531
2025-05-24 08:59:11,015 - INFO - Religion Val Loss: 3.0890
2025-05-24 08:59:11,015 - INFO - Disability Val Loss: 2.3512
2025-05-24 08:59:11,015 - INFO - Gender Val Loss: 1.2019
2025-05-24 08:59:11,015 - INFO - Socioeconomic Val Loss: 3.2936

2025-05-24 08:59:11,015 - INFO - Caste Val Pos Sim: 0.96
2025-05-24 08:59:11,015 - INFO - Caste Val Neg Sim: 0.88

2025-05-24 08:59:11,015 - INFO - Religion Val Pos Sim: 0.93
2025-05-24 08:59:11,015 - INFO - Religion Val Neg Sim: 0.94

2025-05-24 08:59:11,015 - INFO - Disability Val Pos Sim: 0.97
2025-05-24 08:59:11,015 - INFO - Disability Val Neg Sim: 0.96

2025-05-24 08:59:11,015 - INFO - Gender Val Pos Sim: 0.96
2025-05-24 08:59:11,015 - INFO - Gender Val Neg Sim: 0.96

2025-05-24 08:59:11,015 - INFO - Socioeconomic Val Pos Sim: 0.95
2025-05-24 08:59:11,015 - INFO - Socioeconomic Val Neg Sim: 0.95

2025-05-24 08:59:11,016 - INFO - Combined Val Pos Sim: 0.95
2025-05-24 08:59:11,016 - INFO - Combined Val Neg Sim: 0.94

2025-05-24 08:59:45,430 - INFO - 
Epoch 5 Summary:
2025-05-24 08:59:45,430 - INFO - Train Loss: 0.0882
2025-05-24 08:59:45,430 - INFO - Combined Val Loss: 0.3328

2025-05-24 08:59:45,430 - INFO - Caste Val Loss: 1.2430
2025-05-24 08:59:45,430 - INFO - Religion Val Loss: 3.1668
2025-05-24 08:59:45,430 - INFO - Disability Val Loss: 2.4899
2025-05-24 08:59:45,430 - INFO - Gender Val Loss: 1.2008
2025-05-24 08:59:45,430 - INFO - Socioeconomic Val Loss: 3.3091

2025-05-24 08:59:45,430 - INFO - Caste Val Pos Sim: 0.94
2025-05-24 08:59:45,430 - INFO - Caste Val Neg Sim: 0.82

2025-05-24 08:59:45,430 - INFO - Religion Val Pos Sim: 0.84
2025-05-24 08:59:45,430 - INFO - Religion Val Neg Sim: 0.84

2025-05-24 08:59:45,430 - INFO - Disability Val Pos Sim: 0.88
2025-05-24 08:59:45,431 - INFO - Disability Val Neg Sim: 0.88

2025-05-24 08:59:45,431 - INFO - Gender Val Pos Sim: 0.90
2025-05-24 08:59:45,431 - INFO - Gender Val Neg Sim: 0.89

2025-05-24 08:59:45,431 - INFO - Socioeconomic Val Pos Sim: 0.88
2025-05-24 08:59:45,431 - INFO - Socioeconomic Val Neg Sim: 0.87

2025-05-24 08:59:45,431 - INFO - Combined Val Pos Sim: 0.89
2025-05-24 08:59:45,431 - INFO - Combined Val Neg Sim: 0.86

2025-05-24 09:00:20,053 - INFO - New best model saved with difference in positive and negative cosine similarities: 0.0339
2025-05-24 09:00:20,053 - INFO - Loss Function : NTXentLoss()
Learning Rate : 5e-05
Temperature/Threshold : 0.1
Epoch : 6
Difference in Positive & Negative Cosine Similarities : 0.03388279676437378
2025-05-24 09:00:20,053 - INFO - 
Epoch 6 Summary:
2025-05-24 09:00:20,053 - INFO - Train Loss: 0.0821
2025-05-24 09:00:20,053 - INFO - Combined Val Loss: 0.3277

2025-05-24 09:00:20,053 - INFO - Caste Val Loss: 1.1750
2025-05-24 09:00:20,053 - INFO - Religion Val Loss: 3.0841
2025-05-24 09:00:20,054 - INFO - Disability Val Loss: 2.4134
2025-05-24 09:00:20,054 - INFO - Gender Val Loss: 1.1916
2025-05-24 09:00:20,054 - INFO - Socioeconomic Val Loss: 3.3675

2025-05-24 09:00:20,054 - INFO - Caste Val Pos Sim: 0.96
2025-05-24 09:00:20,054 - INFO - Caste Val Neg Sim: 0.81

2025-05-24 09:00:20,054 - INFO - Religion Val Pos Sim: 0.86
2025-05-24 09:00:20,054 - INFO - Religion Val Neg Sim: 0.85

2025-05-24 09:00:20,054 - INFO - Disability Val Pos Sim: 0.88
2025-05-24 09:00:20,054 - INFO - Disability Val Neg Sim: 0.88

2025-05-24 09:00:20,054 - INFO - Gender Val Pos Sim: 0.90
2025-05-24 09:00:20,054 - INFO - Gender Val Neg Sim: 0.88

2025-05-24 09:00:20,054 - INFO - Socioeconomic Val Pos Sim: 0.88
2025-05-24 09:00:20,054 - INFO - Socioeconomic Val Neg Sim: 0.87

2025-05-24 09:00:20,054 - INFO - Combined Val Pos Sim: 0.90
2025-05-24 09:00:20,054 - INFO - Combined Val Neg Sim: 0.86

